0001 4.409531 7.766667
0002 4.039257 16.766667
0003 3.901245 23.333333
0004 3.719729 27.566667
0005 3.616039 30.266667
0006 3.609682 31.800000
0001 4.972316 9.000000
0002 4.657330 0.000000
0003 4.691545 0.000000
0004 4.535089 7.000000
0005 4.525323 14.000000
0006 4.487473 10.000000
0007 4.206446 14.000000
0008 4.343874 5.000000
0009 4.395622 9.000000
0010 4.309079 9.000000
0001 4.802886 2.000000
0002 4.594313 0.000000
0003 4.582841 3.000000
0004 4.438334 5.000000
0005 4.459321 8.000000
0006 4.423672 14.000000
0007 4.141574 12.000000
0008 4.211940 10.000000
0009 4.105566 18.000000
0010 4.023926 17.000000
0011 3.987941 17.999999
0012 4.157300 16.000000
0013 3.851872 19.000000
0014 4.010888 23.000000
0015 3.719562 26.000000
0016 3.939311 19.000000
0017 3.904273 21.000000
0018 3.739666 32.999999
0019 3.555101 39.999999
0020 3.645550 30.000000
0021 3.581783 37.000000
0022 3.412696 42.999999
0023 3.543034 41.999999
0024 3.227304 46.999999
0025 3.336037 42.000000
0026 3.603062 42.000000
0027 3.167472 45.999999
0028 3.333394 43.999999
0029 3.724593 46.999999
0030 3.143246 49.999999
0031 3.103817 44.000000
0032 3.057792 48.000000
0033 3.252972 48.000000
0034 3.075088 55.999998
0035 2.917660 56.000000
0036 2.891989 54.999999
0037 3.071333 51.999999
0038 3.041064 49.999999
0039 2.838948 59.999999
0040 2.941930 68.999999
0041 3.104651 52.999999
0042 2.931657 60.000000
0043 2.733326 52.999999
0044 2.622058 63.999999
0045 2.877259 54.999999
0046 3.043173 56.000000
0047 2.859487 60.000000
0048 2.783378 52.999999
0049 2.785415 67.999999
0050 3.025629 71.999999
0001 4.830504 10.000000
0002 4.671446 7.000000
0003 4.503131 2.000000
0004 4.567498 0.000000
0005 4.479493 0.000000
0006 4.302353 6.000000
0007 4.384612 10.000000
0008 4.286905 9.000000
0009 4.261876 8.000000
0010 3.970295 8.000000
0011 4.333889 11.000000
0012 4.153612 7.000000
0013 4.063906 10.000000
0014 4.039994 19.000000
0015 4.066368 20.999999
0016 4.038748 18.000000
0017 3.877058 18.000000
0018 3.762063 23.000000
0019 3.710803 27.000000
0020 3.855952 29.000000
0021 3.681929 32.000000
0022 3.715823 29.000000
0023 3.540890 28.000000
0024 3.730276 31.000000
0025 3.421105 24.999999
0026 3.609478 20.000000
0027 3.384381 41.000000
0028 3.497619 40.000000
0029 3.346544 42.999999
0030 3.394571 40.000000
0031 3.297800 44.999999
0032 3.266505 47.999999
0033 3.192785 48.000000
0034 3.017254 54.999999
0035 3.141819 46.999999
0036 3.239647 44.999999
0037 3.094750 52.999999
0038 3.220896 57.000000
0039 3.175864 42.999999
0040 3.201560 48.999999
0041 3.092604 52.000000
0042 2.843020 56.999999
0043 2.931242 53.999999
0044 2.914722 56.999998
0045 2.908329 55.999999
0046 2.985085 59.999999
0047 2.759320 60.999998
0048 2.806835 57.999999
0049 2.721751 61.000000
0050 2.723902 62.000000
0001 4.760222 0.000000
0002 4.570788 0.000000
0003 4.463694 0.000000
0004 4.723973 0.000000
0005 4.432338 12.000000
0006 4.385679 14.000000
0007 4.352918 23.000000
0008 4.137168 15.000000
0009 4.091295 18.000000
0010 3.809145 17.000000
0011 3.799791 27.000000
0012 3.775560 23.000000
0013 3.916850 22.999999
0014 3.901688 24.000000
0015 3.811025 25.000000
0016 3.804141 25.999999
0017 3.670423 34.999999
0018 3.543015 34.999999
0019 3.638702 29.999999
0020 3.541416 34.000000
0021 3.392715 42.000000
0022 3.603325 34.999999
0023 3.532639 30.000000
0024 3.392331 33.000000
0025 3.166987 48.999998
0026 3.365046 45.999999
0027 3.199134 46.000000
0028 3.219839 37.000000
0029 3.112059 42.000000
0030 3.264149 52.999999
0031 3.200948 44.000000
0032 3.149523 57.999999
0033 3.515397 54.000000
0034 3.345321 41.999999
0035 3.048709 46.999999
0036 3.364445 45.000000
0037 3.211232 48.999999
0038 2.967121 51.000000
0039 2.907746 57.000000
0040 2.990809 55.999999
0041 2.997341 54.999999
0042 2.770798 57.000000
0043 2.698707 58.000000
0044 2.691969 73.999998
0045 2.604274 61.999999
0046 2.633809 66.999999
0047 2.684528 69.999999
0048 2.406924 76.000000
0049 2.891688 61.999999
0050 2.366674 76.999999
